This is pdfTeX, Version 3.141592653-2.6-1.40.27 (MiKTeX 25.4) (preloaded format=pdflatex 2025.5.2)  3 JUN 2025 13:40
entering extended mode
 restricted \write18 enabled.
 file:line:error style messages enabled.
 %&-line parsing enabled.
**"c:/Users/Juan/Documents/Deberes_MN/Practica 4/Tarea9.tex"
(c:/Users/Juan/Documents/Deberes_MN/Practica 4/Tarea9.tex
LaTeX2e <2024-11-01> patch level 2
L3 programming layer <2025-03-26>
(C:\Users\Juan\AppData\Local\Programs\MiKTeX\tex/latex/base\article.cls
Document Class: article 2024/06/29 v1.4n Standard LaTeX document class
(C:\Users\Juan\AppData\Local\Programs\MiKTeX\tex/latex/base\size12.clo
File: size12.clo 2024/06/29 v1.4n Standard LaTeX file (size option)
)
\c@part=\count197
\c@section=\count198
\c@subsection=\count199
\c@subsubsection=\count266
\c@paragraph=\count267
\c@subparagraph=\count268
\c@figure=\count269
\c@table=\count270
\abovecaptionskip=\skip49
\belowcaptionskip=\skip50
\bibindent=\dimen146
) (C:\Users\Juan\AppData\Local\Programs\MiKTeX\tex/generic/babel\babel.sty
Package: babel 2025/04/14 v25.7 The multilingual framework for pdfLaTeX, LuaLaTeX and XeLaTeX
\babel@savecnt=\count271
\U@D=\dimen147
\l@unhyphenated=\language79
 (C:\Users\Juan\AppData\Local\Programs\MiKTeX\tex/generic/babel\txtbabel.def)
\bbl@readstream=\read2
\bbl@dirlevel=\count272

*************************************
* Local config file bblopts.cfg used
*
(C:\Users\Juan\AppData\Local\Programs\MiKTeX\tex/latex/arabi\bblopts.cfg
File: bblopts.cfg 2005/09/08 v0.1 add Arabic and Farsi to "declared" options of babel
) (C:\Users\Juan\AppData\Local\Programs\MiKTeX\tex/latex/babel-spanish\spanish.ldf
Language: spanish.ldf 2021/05/27 v5.0q Spanish support from the babel system
\es@quottoks=\toks17
\es@quotdepth=\count273
Package babel Info: Making " an active character on input line 570.
Package babel Info: Making . an active character on input line 675.
Package babel Info: Making < an active character on input line 722.
Package babel Info: Making > an active character on input line 722.
)) (C:\Users\Juan\AppData\Local\Programs\MiKTeX\tex/generic/babel/locale/es\babel-spanish.tex
Package babel Info: Importing font and identification data for spanish
(babel)             from babel-es.ini. Reported on input line 11.
) (C:\Users\Juan\AppData\Local\Programs\MiKTeX\tex/latex/geometry\geometry.sty
Package: geometry 2020/01/02 v5.9 Page Geometry
 (C:\Users\Juan\AppData\Local\Programs\MiKTeX\tex/latex/graphics\keyval.sty
Package: keyval 2022/05/29 v1.15 key=value parser (DPC)
\KV@toks@=\toks18
) (C:\Users\Juan\AppData\Local\Programs\MiKTeX\tex/generic/iftex\ifvtex.sty
Package: ifvtex 2019/10/25 v1.7 ifvtex legacy package. Use iftex instead.
 (C:\Users\Juan\AppData\Local\Programs\MiKTeX\tex/generic/iftex\iftex.sty
Package: iftex 2024/12/12 v1.0g TeX engine tests
))
\Gm@cnth=\count274
\Gm@cntv=\count275
\c@Gm@tempcnt=\count276
\Gm@bindingoffset=\dimen148
\Gm@wd@mp=\dimen149
\Gm@odd@mp=\dimen150
\Gm@even@mp=\dimen151
\Gm@layoutwidth=\dimen152
\Gm@layoutheight=\dimen153
\Gm@layouthoffset=\dimen154
\Gm@layoutvoffset=\dimen155
\Gm@dimlist=\toks19
 (C:\Users\Juan\AppData\Local\Programs\MiKTeX\tex/latex/geometry\geometry.cfg)) (C:\Users\Juan\AppData\Local\Programs\MiKTeX\tex/latex/graphics\graphicx.sty
Package: graphicx 2021/09/16 v1.2d Enhanced LaTeX Graphics (DPC,SPQR)
 (C:\Users\Juan\AppData\Local\Programs\MiKTeX\tex/latex/graphics\graphics.sty
Package: graphics 2024/08/06 v1.4g Standard LaTeX Graphics (DPC,SPQR)
 (C:\Users\Juan\AppData\Local\Programs\MiKTeX\tex/latex/graphics\trig.sty
Package: trig 2023/12/02 v1.11 sin cos tan (DPC)
) (C:\Users\Juan\AppData\Local\Programs\MiKTeX\tex/latex/graphics-cfg\graphics.cfg
File: graphics.cfg 2016/06/04 v1.11 sample graphics configuration
)
Package graphics Info: Driver file: pdftex.def on input line 106.
 (C:\Users\Juan\AppData\Local\Programs\MiKTeX\tex/latex/graphics-def\pdftex.def
File: pdftex.def 2024/04/13 v1.2c Graphics/color driver for pdftex
))
\Gin@req@height=\dimen156
\Gin@req@width=\dimen157
) (C:\Users\Juan\AppData\Local\Programs\MiKTeX\tex/latex/xcolor\xcolor.sty
Package: xcolor 2024/09/29 v3.02 LaTeX color extensions (UK)
 (C:\Users\Juan\AppData\Local\Programs\MiKTeX\tex/latex/graphics-cfg\color.cfg
File: color.cfg 2016/01/02 v1.6 sample color configuration
)
Package xcolor Info: Driver file: pdftex.def on input line 274.
 (C:\Users\Juan\AppData\Local\Programs\MiKTeX\tex/latex/graphics\mathcolor.ltx)
Package xcolor Info: Model `cmy' substituted by `cmy0' on input line 1349.
Package xcolor Info: Model `hsb' substituted by `rgb' on input line 1353.
Package xcolor Info: Model `RGB' extended on input line 1365.
Package xcolor Info: Model `HTML' substituted by `rgb' on input line 1367.
Package xcolor Info: Model `Hsb' substituted by `hsb' on input line 1368.
Package xcolor Info: Model `tHsb' substituted by `hsb' on input line 1369.
Package xcolor Info: Model `HSB' substituted by `hsb' on input line 1370.
Package xcolor Info: Model `Gray' substituted by `gray' on input line 1371.
Package xcolor Info: Model `wave' substituted by `hsb' on input line 1372.
) (C:\Users\Juan\AppData\Local\Programs\MiKTeX\tex/latex/titlesec\titlesec.sty
Package: titlesec 2025/01/04 v2.17 Sectioning titles
\ttl@box=\box53
\beforetitleunit=\skip51
\aftertitleunit=\skip52
\ttl@plus=\dimen158
\ttl@minus=\dimen159
\ttl@toksa=\toks20
\titlewidth=\dimen160
\titlewidthlast=\dimen161
\titlewidthfirst=\dimen162
) (C:\Users\Juan\AppData\Local\Programs\MiKTeX\tex/latex/parskip\parskip.sty
Package: parskip 2021-03-14 v2.0h non-zero parskip adjustments
 (C:\Users\Juan\AppData\Local\Programs\MiKTeX\tex/latex/kvoptions\kvoptions.sty
Package: kvoptions 2022-06-15 v3.15 Key value format for package options (HO)
 (C:\Users\Juan\AppData\Local\Programs\MiKTeX\tex/generic/ltxcmds\ltxcmds.sty
Package: ltxcmds 2023-12-04 v1.26 LaTeX kernel commands for general use (HO)
) (C:\Users\Juan\AppData\Local\Programs\MiKTeX\tex/latex/kvsetkeys\kvsetkeys.sty
Package: kvsetkeys 2022-10-05 v1.19 Key value parser (HO)
)) (C:\Users\Juan\AppData\Local\Programs\MiKTeX\tex/latex/etoolbox\etoolbox.sty
Package: etoolbox 2025/02/11 v2.5l e-TeX tools for LaTeX (JAW)
\etb@tempcnta=\count277
)) (C:\Users\Juan\AppData\Local\Programs\MiKTeX\tex/latex/tools\multicol.sty
Package: multicol 2024/09/14 v1.9i multicolumn formatting (FMi)
\c@tracingmulticols=\count278
\mult@box=\box54
\multicol@leftmargin=\dimen163
\c@unbalance=\count279
\c@collectmore=\count280
\doublecol@number=\count281
\multicoltolerance=\count282
\multicolpretolerance=\count283
\full@width=\dimen164
\page@free=\dimen165
\premulticols=\dimen166
\postmulticols=\dimen167
\multicolsep=\skip53
\multicolbaselineskip=\skip54
\partial@page=\box55
\last@line=\box56
\mc@boxedresult=\box57
\maxbalancingoverflow=\dimen168
\mult@rightbox=\box58
\mult@grightbox=\box59
\mult@firstbox=\box60
\mult@gfirstbox=\box61
\@tempa=\box62
\@tempa=\box63
\@tempa=\box64
\@tempa=\box65
\@tempa=\box66
\@tempa=\box67
\@tempa=\box68
\@tempa=\box69
\@tempa=\box70
\@tempa=\box71
\@tempa=\box72
\@tempa=\box73
\@tempa=\box74
\@tempa=\box75
\@tempa=\box76
\@tempa=\box77
\@tempa=\box78
\@tempa=\box79
\@tempa=\box80
\@tempa=\box81
\@tempa=\box82
\@tempa=\box83
\@tempa=\box84
\@tempa=\box85
\@tempa=\box86
\@tempa=\box87
\@tempa=\box88
\@tempa=\box89
\@tempa=\box90
\@tempa=\box91
\@tempa=\box92
\@tempa=\box93
\@tempa=\box94
\@tempa=\box95
\@tempa=\box96
\@tempa=\box97
\c@minrows=\count284
\c@columnbadness=\count285
\c@finalcolumnbadness=\count286
\last@try=\dimen169
\multicolovershoot=\dimen170
\multicolundershoot=\dimen171
\mult@nat@firstbox=\box98
\colbreak@box=\box99
\mc@col@check@num=\count287
) (C:\Users\Juan\AppData\Local\Programs\MiKTeX\tex/latex/cite\cite.sty
LaTeX Info: Redefining \cite on input line 302.
LaTeX Info: Redefining \nocite on input line 332.
Package: cite 2015/02/27  v 5.5
) (C:\Users\Juan\AppData\Local\Programs\MiKTeX\tex/latex/float\float.sty
Package: float 2001/11/08 v1.3d Float enhancements (AL)
\c@float@type=\count288
\float@exts=\toks21
\float@box=\box100
\@float@everytoks=\toks22
\@floatcapt=\box101
) (C:\Users\Juan\AppData\Local\Programs\MiKTeX\tex/latex/listings\listings.sty
\lst@mode=\count289
\lst@gtempboxa=\box102
\lst@token=\toks23
\lst@length=\count290
\lst@currlwidth=\dimen172
\lst@column=\count291
\lst@pos=\count292
\lst@lostspace=\dimen173
\lst@width=\dimen174
\lst@newlines=\count293
\lst@lineno=\count294
\lst@maxwidth=\dimen175
 (C:\Users\Juan\AppData\Local\Programs\MiKTeX\tex/latex/listings\lstpatch.sty
File: lstpatch.sty 2024/09/23 1.10c (Carsten Heinz)
) (C:\Users\Juan\AppData\Local\Programs\MiKTeX\tex/latex/listings\lstmisc.sty
File: lstmisc.sty 2024/09/23 1.10c (Carsten Heinz)
\c@lstnumber=\count295
\lst@skipnumbers=\count296
\lst@framebox=\box103
) (C:\Users\Juan\AppData\Local\Programs\MiKTeX\tex/latex/listings\listings.cfg
File: listings.cfg 2024/09/23 1.10c listings configuration
))
Package: listings 2024/09/23 1.10c (Carsten Heinz)
 (C:\Users\Juan\AppData\Local\Programs\MiKTeX\tex/latex/listings\lstlang1.sty
File: lstlang1.sty 2024/09/23 1.10c listings language file
) (C:\Users\Juan\AppData\Local\Programs\MiKTeX\tex/latex/l3backend\l3backend-pdftex.def
File: l3backend-pdftex.def 2025-03-14 L3 backend support: PDF output (pdfTeX)
\l__color_backend_stack_int=\count297
) (Tarea9.aux
LaTeX Info: Redefining \. on input line 9.
LaTeX Info: Redefining \% on input line 9.
Package babel Info: 'spanish' activates 'spanish' shorthands.
(babel)             Reported  on input line 9.
)
\openout1 = `Tarea9.aux'.

LaTeX Font Info:    Checking defaults for OML/cmm/m/it on input line 32.
LaTeX Font Info:    ... okay on input line 32.
LaTeX Font Info:    Checking defaults for OMS/cmsy/m/n on input line 32.
LaTeX Font Info:    ... okay on input line 32.
LaTeX Font Info:    Checking defaults for OT1/cmr/m/n on input line 32.
LaTeX Font Info:    ... okay on input line 32.
LaTeX Font Info:    Checking defaults for T1/cmr/m/n on input line 32.
LaTeX Font Info:    ... okay on input line 32.
LaTeX Font Info:    Checking defaults for TS1/cmr/m/n on input line 32.
LaTeX Font Info:    ... okay on input line 32.
LaTeX Font Info:    Checking defaults for OMX/cmex/m/n on input line 32.
LaTeX Font Info:    ... okay on input line 32.
LaTeX Font Info:    Checking defaults for U/cmr/m/n on input line 32.
LaTeX Font Info:    ... okay on input line 32.
LaTeX Info: Redefining \. on input line 32.
LaTeX Info: Redefining \% on input line 32.

*geometry* driver: auto-detecting
*geometry* detected driver: pdftex
*geometry* verbose mode - [ preamble ] result:
* driver: pdftex
* paper: a4paper
* layout: <same size as paper>
* layoutoffset:(h,v)=(0.0pt,0.0pt)
* modes: 
* h-part:(L,W,R)=(72.26999pt, 452.9679pt, 72.26999pt)
* v-part:(T,H,B)=(72.26999pt, 700.50687pt, 72.26999pt)
* \paperwidth=597.50787pt
* \paperheight=845.04684pt
* \textwidth=452.9679pt
* \textheight=700.50687pt
* \oddsidemargin=0.0pt
* \evensidemargin=0.0pt
* \topmargin=-37.0pt
* \headheight=12.0pt
* \headsep=25.0pt
* \topskip=12.0pt
* \footskip=30.0pt
* \marginparwidth=44.0pt
* \marginparsep=10.0pt
* \columnsep=10.0pt
* \skip\footins=10.8pt plus 4.0pt minus 2.0pt
* \hoffset=0.0pt
* \voffset=0.0pt
* \mag=1000
* \@twocolumnfalse
* \@twosidefalse
* \@mparswitchfalse
* \@reversemarginfalse
* (1in=72.27pt=25.4mm, 1cm=28.453pt)

(C:\Users\Juan\AppData\Local\Programs\MiKTeX\tex/context/base/mkii\supp-pdf.mkii
[Loading MPS to PDF converter (version 2006.09.02).]
\scratchcounter=\count298
\scratchdimen=\dimen176
\scratchbox=\box104
\nofMPsegments=\count299
\nofMParguments=\count300
\everyMPshowfont=\toks24
\MPscratchCnt=\count301
\MPscratchDim=\dimen177
\MPnumerator=\count302
\makeMPintoPDFobject=\count303
\everyMPtoPDFconversion=\toks25
) (C:\Users\Juan\AppData\Local\Programs\MiKTeX\tex/latex/epstopdf-pkg\epstopdf-base.sty
Package: epstopdf-base 2020-01-24 v2.11 Base part for package epstopdf
Package epstopdf-base Info: Redefining graphics rule for `.eps' on input line 485.
 (C:\Users\Juan\AppData\Local\Programs\MiKTeX\tex/latex/00miktex\epstopdf-sys.cfg
File: epstopdf-sys.cfg 2021/03/18 v2.0 Configuration of epstopdf for MiKTeX
))
Couldn't patch \ttl@straight@ii
Couldn't patch \ttl@straight@ii
\c@lstlisting=\count304
<inFiles/Figures/epnLogo.jpg, id=1, 91.09032pt x 56.46094pt>
File: inFiles/Figures/epnLogo.jpg Graphic file (type jpg)
<use inFiles/Figures/epnLogo.jpg>
Package pdftex.def Info: inFiles/Figures/epnLogo.jpg  used on input line 36.
(pdftex.def)             Requested size: 81.53241pt x 50.53867pt.
LaTeX Font Info:    External font `cmex10' loaded for size
(Font)              <12> on input line 37.
LaTeX Font Info:    External font `cmex10' loaded for size
(Font)              <8> on input line 37.
LaTeX Font Info:    External font `cmex10' loaded for size
(Font)              <6> on input line 37.
<inFiles/Figures/FIS_logo.jpg, id=2, 68.50594pt x 59.47218pt>
File: inFiles/Figures/FIS_logo.jpg Graphic file (type jpg)
<use inFiles/Figures/FIS_logo.jpg>
Package pdftex.def Info: inFiles/Figures/FIS_logo.jpg  used on input line 41.
(pdftex.def)             Requested size: 81.53241pt x 70.78638pt.

Underfull \hbox (badness 10000) in paragraph at lines 87--93

 []



[1

{C:/Users/Juan/AppData/Local/MiKTeX/fonts/map/pdftex/pdftex.map} <./inFiles/Figures/epnLogo.jpg> <./inFiles/Figures/FIS_logo.jpg>]
LaTeX Font Info:    External font `cmex10' loaded for size
(Font)              <7> on input line 115.
LaTeX Font Info:    External font `cmex10' loaded for size
(Font)              <5> on input line 115.

Overfull \hbox (41.38942pt too wide) detected at line 115
\OML/cmm/m/it/10 P[]\OT1/cmr/m/n/10 (\OML/cmm/m/it/10 x\OT1/cmr/m/n/10 ) = \OML/cmm/m/it/10 e[] \OT1/cmr/m/n/10 + \OML/cmm/m/it/10 e[]cos\OT1/cmr/m/n/10 1(\OML/cmm/m/it/10 x \OMS/cmsy/m/n/10 ^^@ \OT1/cmr/m/n/10 1) + [](\OML/cmm/m/it/10 x \OMS/cmsy/m/n/10 ^^@ \OT1/cmr/m/n/10 1)[] + [](\OML/cmm/m/it/10 x \OMS/cmsy/m/n/10 ^^@ \OT1/cmr/m/n/10 1)[]
 []


Overfull \hbox (41.38942pt too wide) detected at line 128
\OML/cmm/m/it/10 P[]\OT1/cmr/m/n/10 (\OML/cmm/m/it/10 x\OT1/cmr/m/n/10 ) = \OML/cmm/m/it/10 e[] \OT1/cmr/m/n/10 + \OML/cmm/m/it/10 e[]cos\OT1/cmr/m/n/10 1(\OML/cmm/m/it/10 x \OMS/cmsy/m/n/10 ^^@ \OT1/cmr/m/n/10 1) + [](\OML/cmm/m/it/10 x \OMS/cmsy/m/n/10 ^^@ \OT1/cmr/m/n/10 1)[] + [](\OML/cmm/m/it/10 x \OMS/cmsy/m/n/10 ^^@ \OT1/cmr/m/n/10 1)[]
 []



[2]
Overfull \hbox (27.88437pt too wide) detected at line 156
\OML/cmm/m/it/10 P[]\OT1/cmr/m/n/10 (\OML/cmm/m/it/10 x\OT1/cmr/m/n/10 ) = \OML/cmm/m/it/10 ln\OT1/cmr/m/n/10 (1 + \OML/cmm/m/it/10 x\OT1/cmr/m/n/10 ) + [](\OML/cmm/m/it/10 x \OMS/cmsy/m/n/10 ^^@ \OT1/cmr/m/n/10 2) \OMS/cmsy/m/n/10 ^^@ []\OT1/cmr/m/n/10 (\OML/cmm/m/it/10 x \OMS/cmsy/m/n/10 ^^@ \OT1/cmr/m/n/10 2)[] + [](\OML/cmm/m/it/10 x \OMS/cmsy/m/n/10 ^^@ \OT1/cmr/m/n/10 2)[] \OMS/cmsy/m/n/10 ^^@ []\OT1/cmr/m/n/10 (\OML/cmm/m/it/10 x \OMS/cmsy/m/n/10 ^^@ \OT1/cmr/m/n/10 2)[] + [](\OML/cmm/m/it/10 x \OMS/cmsy/m/n/10 ^^@ \OT1/cmr/m/n/10 2)[]
 []


Overfull \hbox (40.47668pt too wide) detected at line 171
\OML/cmm/m/it/6 P[]\OT1/cmr/m/n/6 (\OML/cmm/m/it/6 x\OT1/cmr/m/n/6 ) = \OML/cmm/m/it/6 P\OT1/cmr/m/n/6 (\OML/cmm/m/it/6 x\OT1/cmr/m/n/6 ) = (1\OML/cmm/m/it/6 =\OT1/cmr/m/n/6 1215)\OML/cmm/m/it/6 x[] \OMS/cmsy/m/n/6 ^^@ \OT1/cmr/m/n/6 (1\OML/cmm/m/it/6 =\OT1/cmr/m/n/6 36)\OML/cmm/m/it/6 x[] \OT1/cmr/m/n/6 + (17\OML/cmm/m/it/6 =\OT1/cmr/m/n/6 243)\OML/cmm/m/it/6 x[] \OMS/cmsy/m/n/6 ^^@ \OT1/cmr/m/n/6 (131\OML/cmm/m/it/6 =\OT1/cmr/m/n/6 486)\OML/cmm/m/it/6 x[] \OT1/cmr/m/n/6 + (211\OML/cmm/m/it/6 =\OT1/cmr/m/n/6 243)\OML/cmm/m/it/6 x \OT1/cmr/m/n/6 + (\OML/cmm/m/it/6 ln\OT1/cmr/m/n/6 (3) \OMS/cmsy/m/n/6 ^^@ \OT1/cmr/m/n/6 1126\OML/cmm/m/it/6 =\OT1/cmr/m/n/6 1215) \OMS/cmsy/m/n/6 ^^@ []\OT1/cmr/m/n/6 (\OML/cmm/m/it/6 x[] \OMS/cmsy/m/n/6 ^^@ \OT1/cmr/m/n/6 6\OML/cmm/m/it/6 x[] \OT1/cmr/m/n/6 + 15\OML/cmm/m/it/6 x[] \OMS/cmsy/m/n/6 ^^@ \OT1/cmr/m/n/6 20\OML/cmm/m/it/6 x[] \OT1/cmr/m/n/6 + 15\OML/cmm/m/it/6 x[] \OMS/cmsy/m/n/6 ^^@ \OT1/cmr/m/n/6 6\OML/cmm/m/it/6 x \OT1/cmr/m/n/6 + 1)
 []



[3]

LaTeX Warning: Command \textperiodcentered invalid in math mode on input line 240.


LaTeX Warning: Command \textperiodcentered invalid in math mode on input line 240.


LaTeX Warning: Command \textperiodcentered invalid in math mode on input line 240.


LaTeX Warning: Command \textperiodcentered invalid in math mode on input line 240.


LaTeX Warning: Command \textperiodcentered invalid in math mode on input line 240.


LaTeX Warning: Command \textperiodcentered invalid in math mode on input line 240.


LaTeX Warning: Command \textperiodcentered invalid in math mode on input line 240.


LaTeX Warning: Command \textperiodcentered invalid in math mode on input line 240.


LaTeX Warning: Command \textperiodcentered invalid in math mode on input line 240.


LaTeX Warning: Command \textperiodcentered invalid in math mode on input line 240.

Missing character: There is no · in font cmr10!
Missing character: There is no · in font cmr10!
Missing character: There is no · in font cmr10!
Missing character: There is no · in font cmr10!
Missing character: There is no · in font cmr10!

Overfull \hbox (62.47223pt too wide) detected at line 240
\OML/cmm/m/it/10 P[]\OT1/cmr/m/n/10 (\OML/cmm/m/it/10 x\OT1/cmr/m/n/10 ) = \OMS/cmsy/m/n/10 ^^@\OT1/cmr/m/n/10 5\OML/cmm/m/it/10 =\OT1/cmr/m/n/10 (2432[])\OML/cmm/m/it/10 x[] \OT1/cmr/m/n/10 + 20\OML/cmm/m/it/10 =\OT1/cmr/m/n/10 (2432[])\OML/cmm/m/it/10 x[] \OMS/cmsy/m/n/10 ^^@ \OT1/cmr/m/n/10 137\OML/cmm/m/it/10 =\OT1/cmr/m/n/10 (2432[])\OML/cmm/m/it/10 x[] \OT1/cmr/m/n/10 + 269\OML/cmm/m/it/10 =\OT1/cmr/m/n/10 (2432[])\OML/cmm/m/it/10 x \OT1/cmr/m/n/10 + 40\OML/cmm/m/it/10 =\OT1/cmr/m/n/10 (2432[]) + [](\OML/cmm/m/it/10 x \OMS/cmsy/m/n/10 ^^@ \OT1/cmr/m/n/10 1)[]
 []



[4]
LaTeX Font Info:    External font `cmex10' loaded for size
(Font)              <14.4> on input line 311.


[5]

LaTeX Warning: Command \texttwosuperior invalid in math mode on input line 363.


LaTeX Warning: Command \texttwosuperior invalid in math mode on input line 363.


LaTeX Warning: Command \texttwosuperior invalid in math mode on input line 363.


LaTeX Warning: Command \texttwosuperior invalid in math mode on input line 363.


LaTeX Warning: Command \texttwosuperior invalid in math mode on input line 363.


LaTeX Warning: Command \texttwosuperior invalid in math mode on input line 363.

Missing character: There is no ² in font cmr10!
Missing character: There is no ² in font cmr10!
Missing character: There is no ² in font cmr10!

Overfull \hbox (18.18251pt too wide) detected at line 363
\OML/cmm/m/it/10 P\OT1/cmr/m/n/10 (\OML/cmm/m/it/10 x\OT1/cmr/m/n/10 ) = (143\OML/cmm/m/it/10 =\OT1/cmr/m/n/10 240)\OML/cmm/m/it/10 x \OMS/cmsy/m/n/10 ^^@ \OT1/cmr/m/n/10 (429\OML/cmm/m/it/10 =\OT1/cmr/m/n/10 100)\OML/cmm/m/it/10 x \OT1/cmr/m/n/10 + (572\OML/cmm/m/it/10 =\OT1/cmr/m/n/10 75) \OMS/cmsy/m/n/10 ^^@ \OT1/cmr/m/n/10 (93\OML/cmm/m/it/10 =\OT1/cmr/m/n/10 32)\OML/cmm/m/it/10 x \OT1/cmr/m/n/10 + (279\OML/cmm/m/it/10 =\OT1/cmr/m/n/10 16)\OML/cmm/m/it/10 x \OMS/cmsy/m/n/10 ^^@ \OT1/cmr/m/n/10 (93\OML/cmm/m/it/10 =\OT1/cmr/m/n/10 4) + (89\OML/cmm/m/it/10 =\OT1/cmr/m/n/10 40)\OML/cmm/m/it/10 x \OMS/cmsy/m/n/10 ^^@ \OT1/cmr/m/n/10 (1157\OML/cmm/m/it/10 =\OT1/cmr/m/n/10 100)\OML/cmm/m/it/10 x \OT1/cmr/m/n/10 + (356\OML/cmm/m/it/10 =\OT1/cmr/m/n/10 25)
 []


LaTeX Warning: Command \texttwosuperior invalid in math mode on input line 385.


LaTeX Warning: Command \texttwosuperior invalid in math mode on input line 385.


LaTeX Warning: Command \texttwosuperior invalid in math mode on input line 385.


LaTeX Warning: Command \texttwosuperior invalid in math mode on input line 385.


LaTeX Warning: Command \texttwosuperior invalid in math mode on input line 385.


LaTeX Warning: Command \texttwosuperior invalid in math mode on input line 385.

Missing character: There is no ² in font cmr12!
Missing character: There is no ² in font cmr12!
Missing character: There is no ² in font cmr12!


[6]

LaTeX Warning: Command \texttwosuperior invalid in math mode on input line 387.


LaTeX Warning: Command \texttwosuperior invalid in math mode on input line 387.


LaTeX Warning: Command \texttwosuperior invalid in math mode on input line 387.


LaTeX Warning: Command \texttwosuperior invalid in math mode on input line 387.


LaTeX Warning: Command \texttwosuperior invalid in math mode on input line 387.


LaTeX Warning: Command \texttwosuperior invalid in math mode on input line 387.

Missing character: There is no ² in font cmr12!
Missing character: There is no ² in font cmr12!
Missing character: There is no ² in font cmr12!

LaTeX Warning: Command \texttwosuperior invalid in math mode on input line 389.


LaTeX Warning: Command \texttwosuperior invalid in math mode on input line 389.

Missing character: There is no ² in font cmr12!

LaTeX Warning: Command \textperiodcentered invalid in math mode on input line 412.


LaTeX Warning: Command \textperiodcentered invalid in math mode on input line 412.


LaTeX Warning: Command \textperiodcentered invalid in math mode on input line 413.


LaTeX Warning: Command \textperiodcentered invalid in math mode on input line 413.


LaTeX Warning: Command \textperiodcentered invalid in math mode on input line 414.


LaTeX Warning: Command \textperiodcentered invalid in math mode on input line 414.


LaTeX Warning: Command \textperiodcentered invalid in math mode on input line 415.


LaTeX Warning: Command \textperiodcentered invalid in math mode on input line 415.

Missing character: There is no · in font cmr10!
Missing character: There is no · in font cmr10!
Missing character: There is no · in font cmr10!
Missing character: There is no · in font cmr10!

Overfull \hbox (14.69624pt too wide) detected at line 416
\OML/cmm/m/it/10 P\OT1/cmr/m/n/10 (\OML/cmm/m/it/10 x\OT1/cmr/m/n/10 ) = 808\OML/cmm/m/it/10 x\OT1/cmr/m/n/10 (\OML/cmm/m/it/10 x \OT1/cmr/m/n/10 + 6)(\OML/cmm/m/it/10 x \OT1/cmr/m/n/10 + 4)\OML/cmm/m/it/10 =\OT1/cmr/m/n/10 320 + 4(\OML/cmm/m/it/10 x \OMS/cmsy/m/n/10 ^^@ \OT1/cmr/m/n/10 4)(\OML/cmm/m/it/10 x \OT1/cmr/m/n/10 + 6)(\OML/cmm/m/it/10 x \OT1/cmr/m/n/10 + 4)\OML/cmm/m/it/10 =\OT1/cmr/m/n/10 (\OMS/cmsy/m/n/10 ^^@\OT1/cmr/m/n/10 96) + 1438(\OML/cmm/m/it/10 x \OMS/cmsy/m/n/10 ^^@ \OT1/cmr/m/n/10 4)\OML/cmm/m/it/10 x\OT1/cmr/m/n/10 (\OML/cmm/m/it/10 x \OT1/cmr/m/n/10 + 4)\OML/cmm/m/it/10 =\OT1/cmr/m/n/10 (\OMS/cmsy/m/n/10 ^^@\OT1/cmr/m/n/10 120) + 160(\OML/cmm/m/it/10 x \OMS/cmsy/m/n/10 ^^@ \OT1/cmr/m/n/10 4)\OML/cmm/m/it/10 x\OT1/cmr/m/n/10 (\OML/cmm/m/it/10 x \OT1/cmr/m/n/10 + 6)\OML/cmm/m/it/10 =\OT1/cmr/m/n/10 64
 []


LaTeX Warning: Command \textthreesuperior invalid in math mode on input line 419.


LaTeX Warning: Command \textthreesuperior invalid in math mode on input line 419.


LaTeX Warning: Command \texttwosuperior invalid in math mode on input line 419.


LaTeX Warning: Command \texttwosuperior invalid in math mode on input line 419.


LaTeX Warning: Command \textthreesuperior invalid in math mode on input line 420.


LaTeX Warning: Command \textthreesuperior invalid in math mode on input line 420.


LaTeX Warning: Command \texttwosuperior invalid in math mode on input line 420.


LaTeX Warning: Command \texttwosuperior invalid in math mode on input line 420.


LaTeX Warning: Command \textthreesuperior invalid in math mode on input line 421.


LaTeX Warning: Command \textthreesuperior invalid in math mode on input line 421.


LaTeX Warning: Command \textthreesuperior invalid in math mode on input line 422.


LaTeX Warning: Command \textthreesuperior invalid in math mode on input line 422.


LaTeX Warning: Command \texttwosuperior invalid in math mode on input line 422.


LaTeX Warning: Command \texttwosuperior invalid in math mode on input line 422.

Missing character: There is no ³ in font cmr10!
Missing character: There is no ² in font cmr10!
Missing character: There is no ³ in font cmr10!
Missing character: There is no ² in font cmr10!
Missing character: There is no ³ in font cmr10!
Missing character: There is no ³ in font cmr10!
Missing character: There is no ² in font cmr10!

Overfull \hbox (6.01233pt too wide) detected at line 423
\OT1/cmr/m/n/10 = (101\OML/cmm/m/it/10 =\OT1/cmr/m/n/10 40)\OML/cmm/m/it/10 x \OT1/cmr/m/n/10 + (101\OML/cmm/m/it/10 =\OT1/cmr/m/n/10 4)\OML/cmm/m/it/10 x \OT1/cmr/m/n/10 + (303\OML/cmm/m/it/10 =\OT1/cmr/m/n/10 5)\OML/cmm/m/it/10 x \OMS/cmsy/m/n/10 ^^@ \OT1/cmr/m/n/10 (1\OML/cmm/m/it/10 =\OT1/cmr/m/n/10 24)\OML/cmm/m/it/10 x \OMS/cmsy/m/n/10 ^^@ \OT1/cmr/m/n/10 (1\OML/cmm/m/it/10 =\OT1/cmr/m/n/10 4)\OML/cmm/m/it/10 x \OT1/cmr/m/n/10 + (2\OML/cmm/m/it/10 =\OT1/cmr/m/n/10 3)\OML/cmm/m/it/10 x \OT1/cmr/m/n/10 + 4 \OMS/cmsy/m/n/10 ^^@ \OT1/cmr/m/n/10 (719\OML/cmm/m/it/10 =\OT1/cmr/m/n/10 60)\OML/cmm/m/it/10 x \OT1/cmr/m/n/10 + (2876\OML/cmm/m/it/10 =\OT1/cmr/m/n/10 15)\OML/cmm/m/it/10 x \OT1/cmr/m/n/10 + (5\OML/cmm/m/it/10 =\OT1/cmr/m/n/10 2)\OML/cmm/m/it/10 x \OT1/cmr/m/n/10 + 5\OML/cmm/m/it/10 x \OMS/cmsy/m/n/10 ^^@ \OT1/cmr/m/n/10 60\OML/cmm/m/it/10 x
 []


LaTeX Warning: Command \textthreesuperior invalid in math mode on input line 426.


LaTeX Warning: Command \textthreesuperior invalid in math mode on input line 426.


LaTeX Warning: Command \texttwosuperior invalid in math mode on input line 427.


LaTeX Warning: Command \texttwosuperior invalid in math mode on input line 427.

Missing character: There is no ³ in font cmr10!
Missing character: There is no ² in font cmr10!

LaTeX Warning: Command \textthreesuperior invalid in math mode on input line 432.


LaTeX Warning: Command \textthreesuperior invalid in math mode on input line 432.


LaTeX Warning: Command \texttwosuperior invalid in math mode on input line 432.


LaTeX Warning: Command \texttwosuperior invalid in math mode on input line 432.

Missing character: There is no ³ in font cmr10!
Missing character: There is no ² in font cmr10!


[7]
Overfull \hbox (57.03943pt too wide) in paragraph at lines 489--489
[]        \OT1/cmtt/m/n/8 lista = ["("+str(truncar(taylor_expr.coeff(x,aux), decimales))+")*x**"+str(aux) for aux in range(grado+1)][::-1][] 
 []


Overfull \hbox (57.03943pt too wide) in paragraph at lines 497--497
[]        \OT1/cmtt/m/n/8 lista = ["("+str(truncar(taylor_expr.coeff(x,aux), decimales))+")*x**"+str(aux) for aux in range(grado+1)][::-1][] 
 []



[8] (Tarea9.bbl
Underfull \hbox (badness 3068) in paragraph at lines 26--30
[]\OT1/cmr/m/n/12 R. C. Ste-ven Cha-pra, \OT1/cmr/m/it/12 Nu-me-ri-cal Methods for En-gi-
 []


Underfull \hbox (badness 2343) in paragraph at lines 26--30
\OT1/cmr/m/it/12 neers 7th Edi-tion\OT1/cmr/m/n/12 . McGraw-Hill, 2014. [On-li-ne]. Avai-la-ble:
 []

)

[9] (Tarea9.aux
LaTeX Info: Redefining \. on input line 9.
LaTeX Info: Redefining \% on input line 9.
)
 ***********
LaTeX2e <2024-11-01> patch level 2
L3 programming layer <2025-03-26>
 ***********
 ) 
Here is how much of TeX's memory you used:
 6589 strings out of 469959
 104221 string characters out of 5470319
 710667 words of memory out of 5000000
 33318 multiletter control sequences out of 15000+600000
 632574 words of font info for 59 fonts, out of 8000000 for 9000
 1141 hyphenation exceptions out of 8191
 57i,6n,66p,1183b,365s stack positions out of 10000i,1000n,20000p,200000b,200000s
<C:/Users/Juan/AppData/Local/Programs/MiKTeX/fonts/type1/public/amsfonts/cm/cmbx12.pfb><C:/Users/Juan/AppData/Local/Programs/MiKTeX/fonts/type1/public/amsfonts/cm/cmex10.pfb><C:/Users/Juan/AppData/Local/Programs/MiKTeX/fonts/type1/public/amsfonts/cm/cmmi10.pfb><C:/Users/Juan/AppData/Local/Programs/MiKTeX/fonts/type1/public/amsfonts/cm/cmmi12.pfb><C:/Users/Juan/AppData/Local/Programs/MiKTeX/fonts/type1/public/amsfonts/cm/cmmi5.pfb><C:/Users/Juan/AppData/Local/Programs/MiKTeX/fonts/type1/public/amsfonts/cm/cmmi6.pfb><C:/Users/Juan/AppData/Local/Programs/MiKTeX/fonts/type1/public/amsfonts/cm/cmmi7.pfb><C:/Users/Juan/AppData/Local/Programs/MiKTeX/fonts/type1/public/amsfonts/cm/cmmi8.pfb><C:/Users/Juan/AppData/Local/Programs/MiKTeX/fonts/type1/public/amsfonts/cm/cmr10.pfb><C:/Users/Juan/AppData/Local/Programs/MiKTeX/fonts/type1/public/amsfonts/cm/cmr12.pfb><C:/Users/Juan/AppData/Local/Programs/MiKTeX/fonts/type1/public/amsfonts/cm/cmr5.pfb><C:/Users/Juan/AppData/Local/Programs/MiKTeX/fonts/type1/public/amsfonts/cm/cmr6.pfb><C:/Users/Juan/AppData/Local/Programs/MiKTeX/fonts/type1/public/amsfonts/cm/cmr7.pfb><C:/Users/Juan/AppData/Local/Programs/MiKTeX/fonts/type1/public/amsfonts/cm/cmr8.pfb><C:/Users/Juan/AppData/Local/Programs/MiKTeX/fonts/type1/public/amsfonts/cm/cmsy10.pfb><C:/Users/Juan/AppData/Local/Programs/MiKTeX/fonts/type1/public/amsfonts/cm/cmsy6.pfb><C:/Users/Juan/AppData/Local/Programs/MiKTeX/fonts/type1/public/amsfonts/cm/cmsy7.pfb><C:/Users/Juan/AppData/Local/Programs/MiKTeX/fonts/type1/public/amsfonts/cm/cmsy8.pfb><C:/Users/Juan/AppData/Local/Programs/MiKTeX/fonts/type1/public/amsfonts/cm/cmti12.pfb><C:/Users/Juan/AppData/Local/Programs/MiKTeX/fonts/type1/public/amsfonts/cm/cmtt8.pfb>
Output written on Tarea9.pdf (9 pages, 254509 bytes).
PDF statistics:
 134 PDF objects out of 1000 (max. 8388607)
 0 named destinations out of 1000 (max. 500000)
 11 words of extra memory for PDF output out of 10000 (max. 10000000)

